<?xml version="1.0" encoding="UTF-8"?>
<testng-results ignored="0" total="1" passed="1" failed="0" skipped="0">
  <reporter-output>
  </reporter-output>
  <suite started-at="2024-05-24T02:28:28Z" name="Default suite" finished-at="2024-05-24T02:28:31Z" duration-ms="3075">
    <groups>
    </groups>
    <test started-at="2024-05-24T02:28:28Z" name="Default test" finished-at="2024-05-24T02:28:31Z" duration-ms="3075">
      <class name="tests.TestsExamples">
        <test-method signature="test_1()[pri:0, instance:tests.TestsExamples@470734c3]" started-at="2024-05-23T22:28:28Z" name="test_1" finished-at="2024-05-23T22:28:31Z" duration-ms="3021" status="PASS">
          <reporter-output>
          </reporter-output>
        </test-method> <!-- test_1 -->
      </class> <!-- tests.TestsExamples -->
    </test> <!-- Default test -->
  </suite> <!-- Default suite -->
</testng-results>
